<?xml version="1.0" encoding="UTF-8"?>
<!-- Generated by org.testng.reporters.JUnitXMLReporter -->
<testsuite hostname="INBMWN153329" ignored="0" name="Test" tests="6" failures="0" timestamp="2021-12-23T23:00:03 IST" time="0.049" errors="0">
  <testcase name="C" time="0.005" classname="selenium.RESTAPITest"/>
  <testcase name="D" time="0.0" classname="selenium.RESTAPITest"/>
  <testcase name="A" time="0.001" classname="selenium.SeleniumTest"/>
  <testcase name="B" time="0.0" classname="selenium.SeleniumTest"/>
  <testcase name="E" time="0.0" classname="selenium.AppiumTest"/>
  <testcase name="F" time="0.003" classname="selenium.AppiumTest"/>
</testsuite> <!-- Test -->
